<?xml version="1.0" encoding="UTF-8"?>
<testsuite xmlns:xsi="http://www.w3.org/2001/XMLSchema-instance" xsi:noNamespaceSchemaLocation="https://maven.apache.org/surefire/maven-surefire-plugin/xsd/surefire-test-report-3.0.xsd" version="3.0" name="TestSuite" time="49.302" tests="1" errors="0" skipped="0" failures="0">
  <properties>
[...]
</properties>
  <testcase name="Login_And_LogOut" classname="Tests.Login_Test" time="44.77">
    <system-out><![CDATA[Url Launched.
Clicked On Sign In Button
Window 1 is :- CDwindow-AD27F126982388599B73A796BE4B31DE
window is now switching
Window 2 is :- CDwindow-AD27F126982388599B73A796BE4B31DE
Window 2 is :- CDwindow-3D2F36B08ED67F584FAACD0C7E44ABBC
Switched to Window 2 is :- CDwindow-3D2F36B08ED67F584FAACD0C7E44ABBC
Clicked On Continue with Facebook Button
Entered Email : qa1.scenario@gmail.com
Entered Password : Test@123
Clicked On Login Button
Clicked On Like Button
Clicked On Dis-Like Button
Clicked On Profile Button
Clicked On Logout
Clicked On Logout Button
USer Logged Out
]]></system-out>
    <system-err><![CDATA[Starting ChromeDriver 107.0.5304.62 (1eec40d3a5764881c92085aaee66d25075c159aa-refs/branch-heads/5304@{#942}) on port 7106
Only local connections are allowed.
Please see https://chromedriver.chromium.org/security-considerations for suggestions on keeping ChromeDriver safe.
ChromeDriver was started successfully.
Apr 07, 2023 6:16:36 PM org.openqa.selenium.remote.ProtocolHandshake createSession
INFO: Detected dialect: W3C
Apr 07, 2023 6:16:36 PM org.openqa.selenium.devtools.CdpVersionFinder findNearestMatch
WARNING: Unable to find an exact match for CDP version 107, so returning the closest version found: a no-op implementation
Apr 07, 2023 6:16:36 PM org.openqa.selenium.devtools.CdpVersionFinder findNearestMatch
INFO: Unable to find CDP implementation matching 107.
Apr 07, 2023 6:16:36 PM org.openqa.selenium.chromium.ChromiumDriver lambda$new$2
WARNING: Unable to find version of CDP to use for . You may need to include a dependency on a specific version of the CDP using something similar to `org.seleniumhq.selenium:selenium-devtools-v86:4.0.0-rc-1` where the version ("v86") matches the version of the chromium-based browser you're using and the version number of the artifact is the same as Selenium's.
]]></system-err>
  </testcase>
</testsuite>